2014/07/20 13:50:07 [error] [exception.CHttpException.403] exception 'CHttpException' with message 'You are not allowed to access this page.' in /var/yii/framework/gii/GiiModule.php:170
Stack trace:
#0 /var/yii/framework/web/CController.php(263): GiiModule->beforeControllerAction(Object(DefaultController), Object(CInlineAction))
#1 /var/yii/framework/web/CWebApplication.php(282): CController->run('')
#2 /var/yii/framework/web/CWebApplication.php(141): CWebApplication->runController('gii')
#3 /var/yii/framework/base/CApplication.php(180): CWebApplication->processRequest()
#4 /var/www/_coolLib/parser/gui/index.php(13): CApplication->run()
#5 {main}
REQUEST_URI=/_coolLib/parser/gui/?r=gii
---
2014/07/20 13:50:24 [error] [exception.CHttpException.403] exception 'CHttpException' with message 'You are not allowed to access this page.' in /var/yii/framework/gii/GiiModule.php:170
Stack trace:
#0 /var/yii/framework/web/CController.php(263): GiiModule->beforeControllerAction(Object(DefaultController), Object(CInlineAction))
#1 /var/yii/framework/web/CWebApplication.php(282): CController->run('')
#2 /var/yii/framework/web/CWebApplication.php(141): CWebApplication->runController('gii')
#3 /var/yii/framework/base/CApplication.php(180): CWebApplication->processRequest()
#4 /var/www/_coolLib/parser/gui/index.php(13): CApplication->run()
#5 {main}
REQUEST_URI=/_coolLib/parser/gui/index.php?r=gii
---
2014/07/20 13:50:28 [error] [exception.CHttpException.403] exception 'CHttpException' with message 'You are not allowed to access this page.' in /var/yii/framework/gii/GiiModule.php:170
Stack trace:
#0 /var/yii/framework/web/CController.php(263): GiiModule->beforeControllerAction(Object(DefaultController), Object(CInlineAction))
#1 /var/yii/framework/web/CWebApplication.php(282): CController->run('')
#2 /var/yii/framework/web/CWebApplication.php(141): CWebApplication->runController('gii')
#3 /var/yii/framework/base/CApplication.php(180): CWebApplication->processRequest()
#4 /var/www/_coolLib/parser/gui/index.php(13): CApplication->run()
#5 {main}
REQUEST_URI=/_coolLib/parser/gui/index.php?r=gii
---
2014/07/20 13:50:28 [error] [exception.CHttpException.403] exception 'CHttpException' with message 'You are not allowed to access this page.' in /var/yii/framework/gii/GiiModule.php:170
Stack trace:
#0 /var/yii/framework/web/CController.php(263): GiiModule->beforeControllerAction(Object(DefaultController), Object(CInlineAction))
#1 /var/yii/framework/web/CWebApplication.php(282): CController->run('')
#2 /var/yii/framework/web/CWebApplication.php(141): CWebApplication->runController('gii')
#3 /var/yii/framework/base/CApplication.php(180): CWebApplication->processRequest()
#4 /var/www/_coolLib/parser/gui/index.php(13): CApplication->run()
#5 {main}
REQUEST_URI=/_coolLib/parser/gui/index.php?r=gii
---
2014/07/20 13:52:22 [error] [exception.CHttpException.403] exception 'CHttpException' with message 'You are not allowed to access this page.' in /var/yii/framework/gii/GiiModule.php:170
Stack trace:
#0 /var/yii/framework/web/CController.php(263): GiiModule->beforeControllerAction(Object(DefaultController), Object(CInlineAction))
#1 /var/yii/framework/web/CWebApplication.php(282): CController->run('')
#2 /var/yii/framework/web/CWebApplication.php(141): CWebApplication->runController('gii')
#3 /var/yii/framework/base/CApplication.php(180): CWebApplication->processRequest()
#4 /var/www/_coolLib/parser/gui/index.php(13): CApplication->run()
#5 {main}
REQUEST_URI=/_coolLib/parser/gui/index.php?r=gii
---
